# JRE version: Java(TM) SE Runtime Environment (7.0_51-b13) (build 1.7.0_51-b13)
# Java VM: Java HotSpot(TM) 64-Bit Server VM (24.51-b03 mixed mode windows-amd64 compressed oops)
Heap
 PSYoungGen      total 193024K, used 2K [0x00000000eb400000, 0x00000000fff00000, 0x0000000100000000)
  eden space 192512K, 0% used [0x00000000eb400000,0x00000000eb400820,0x00000000f7000000)
  from space 512K, 0% used [0x00000000f7000000,0x00000000f7000000,0x00000000f7080000)
  to   space 73216K, 0% used [0x00000000fb780000,0x00000000fb780000,0x00000000fff00000)
 ParOldGen       total 219648K, used 18911K [0x00000000c1c00000, 0x00000000cf280000, 0x00000000eb400000)
  object space 219648K, 8% used [0x00000000c1c00000,0x00000000c2e77e48,0x00000000cf280000)
 PSPermGen       total 83968K, used 83964K [0x00000000bca00000, 0x00000000c1c00000, 0x00000000c1c00000)
  object space 83968K, 99% used [0x00000000bca00000,0x00000000c1bff260,0x00000000c1c00000)
GC Heap History (10 events):
Event: 2603.265 GC heap before
{Heap before GC invocations=54 (full 7):
 PSYoungGen      total 194048K, used 64K [0x00000000eb400000, 0x0000000100000000, 0x0000000100000000)
  eden space 193536K, 0% used [0x00000000eb400000,0x00000000eb400000,0x00000000f7100000)
  from space 512K, 12% used [0x00000000f7100000,0x00000000f7110000,0x00000000f7180000)
  to   space 73728K, 0% used [0x00000000fb800000,0x00000000fb800000,0x0000000100000000)
 ParOldGen       total 117760K, used 19256K [0x00000000c1c00000, 0x00000000c8f00000, 0x00000000eb400000)
  object space 117760K, 16% used [0x00000000c1c00000,0x00000000c2ece200,0x00000000c8f00000)
 PSPermGen       total 83968K, used 83967K [0x00000000bca00000, 0x00000000c1c00000, 0x00000000c1c00000)
  object space 83968K, 99% used [0x00000000bca00000,0x00000000c1bfffe8,0x00000000c1c00000)
Event: 2603.386 GC heap after
Heap after GC invocations=54 (full 7):
 PSYoungGen      total 194048K, used 0K [0x00000000eb400000, 0x0000000100000000, 0x0000000100000000)
  eden space 193536K, 0% used [0x00000000eb400000,0x00000000eb400000,0x00000000f7100000)
  from space 512K, 0% used [0x00000000f7100000,0x00000000f7100000,0x00000000f7180000)
  to   space 73728K, 0% used [0x00000000fb800000,0x00000000fb800000,0x0000000100000000)
 ParOldGen       total 145408K, used 18954K [0x00000000c1c00000, 0x00000000caa00000, 0x00000000eb400000)
  object space 145408K, 13% used [0x00000000c1c00000,0x00000000c2e82818,0x00000000caa00000)
 PSPermGen       total 83968K, used 83946K [0x00000000bca00000, 0x00000000c1c00000, 0x00000000c1c00000)
  object space 83968K, 99% used [0x00000000bca00000,0x00000000c1bfaa10,0x00000000c1c00000)
}
Event: 2637.075 GC heap before
{Heap before GC invocations=55 (full 7):
 PSYoungGen      total 194048K, used 4419K [0x00000000eb400000, 0x0000000100000000, 0x0000000100000000)
  eden space 193536K, 2% used [0x00000000eb400000,0x00000000eb850d40,0x00000000f7100000)
  from space 512K, 0% used [0x00000000f7100000,0x00000000f7100000,0x00000000f7180000)
  to   space 73728K, 0% used [0x00000000fb800000,0x00000000fb800000,0x0000000100000000)
 ParOldGen       total 145408K, used 18954K [0x00000000c1c00000, 0x00000000caa00000, 0x00000000eb400000)
  object space 145408K, 13% used [0x00000000c1c00000,0x00000000c2e82818,0x00000000caa00000)
 PSPermGen       total 83968K, used 83964K [0x00000000bca00000, 0x00000000c1c00000, 0x00000000c1c00000)
  object space 83968K, 99% used [0x00000000bca00000,0x00000000c1bff280,0x00000000c1c00000)
Event: 2637.078 GC heap after
Heap after GC invocations=55 (full 7):
 PSYoungGen      total 266240K, used 160K [0x00000000eb400000, 0x0000000100000000, 0x0000000100000000)
  eden space 192512K, 0% used [0x00000000eb400000,0x00000000eb400000,0x00000000f7000000)
  from space 73728K, 0% used [0x00000000fb800000,0x00000000fb828000,0x0000000100000000)
  to   space 73728K, 0% used [0x00000000f7000000,0x00000000f7000000,0x00000000fb800000)
 ParOldGen       total 145408K, used 18954K [0x00000000c1c00000, 0x00000000caa00000, 0x00000000eb400000)
  object space 145408K, 13% used [0x00000000c1c00000,0x00000000c2e82818,0x00000000caa00000)
 PSPermGen       total 83968K, used 83964K [0x00000000bca00000, 0x00000000c1c00000, 0x00000000c1c00000)
  object space 83968K, 99% used [0x00000000bca00000,0x00000000c1bff280,0x00000000c1c00000)
}
Event: 2637.078 GC heap before
{Heap before GC invocations=56 (full 8):
 PSYoungGen      total 266240K, used 160K [0x00000000eb400000, 0x0000000100000000, 0x0000000100000000)
  eden space 192512K, 0% used [0x00000000eb400000,0x00000000eb400000,0x00000000f7000000)
  from space 73728K, 0% used [0x00000000fb800000,0x00000000fb828000,0x0000000100000000)
  to   space 73728K, 0% used [0x00000000f7000000,0x00000000f7000000,0x00000000fb800000)
 ParOldGen       total 145408K, used 18954K [0x00000000c1c00000, 0x00000000caa00000, 0x00000000eb400000)
  object space 145408K, 13% used [0x00000000c1c00000,0x00000000c2e82818,0x00000000caa00000)
 PSPermGen       total 83968K, used 83964K [0x00000000bca00000, 0x00000000c1c00000, 0x00000000c1c00000)
  object space 83968K, 99% used [0x00000000bca00000,0x00000000c1bff280,0x00000000c1c00000)
Event: 2637.220 GC heap after
Heap after GC invocations=56 (full 8):
 PSYoungGen      total 266240K, used 0K [0x00000000eb400000, 0x0000000100000000, 0x0000000100000000)
  eden space 192512K, 0% used [0x00000000eb400000,0x00000000eb400000,0x00000000f7000000)
  from space 73728K, 0% used [0x00000000fb800000,0x00000000fb800000,0x0000000100000000)
  to   space 73728K, 0% used [0x00000000f7000000,0x00000000f7000000,0x00000000fb800000)
 ParOldGen       total 180736K, used 18913K [0x00000000c1c00000, 0x00000000ccc80000, 0x00000000eb400000)
  object space 180736K, 10% used [0x00000000c1c00000,0x00000000c2e78748,0x00000000ccc80000)
 PSPermGen       total 83968K, used 83964K [0x00000000bca00000, 0x00000000c1c00000, 0x00000000c1c00000)
  object space 83968K, 99% used [0x00000000bca00000,0x00000000c1bff260,0x00000000c1c00000)
}
Event: 2637.220 GC heap before
{Heap before GC invocations=57 (full 8):
 PSYoungGen      total 266240K, used 0K [0x00000000eb400000, 0x0000000100000000, 0x0000000100000000)
  eden space 192512K, 0% used [0x00000000eb400000,0x00000000eb400000,0x00000000f7000000)
  from space 73728K, 0% used [0x00000000fb800000,0x00000000fb800000,0x0000000100000000)
  to   space 73728K, 0% used [0x00000000f7000000,0x00000000f7000000,0x00000000fb800000)
 ParOldGen       total 180736K, used 18913K [0x00000000c1c00000, 0x00000000ccc80000, 0x00000000eb400000)
  object space 180736K, 10% used [0x00000000c1c00000,0x00000000c2e78748,0x00000000ccc80000)
 PSPermGen       total 83968K, used 83964K [0x00000000bca00000, 0x00000000c1c00000, 0x00000000c1c00000)
  object space 83968K, 99% used [0x00000000bca00000,0x00000000c1bff260,0x00000000c1c00000)
Event: 2637.222 GC heap after
Heap after GC invocations=57 (full 8):
 PSYoungGen      total 193024K, used 0K [0x00000000eb400000, 0x00000000fff00000, 0x0000000100000000)
  eden space 192512K, 0% used [0x00000000eb400000,0x00000000eb400000,0x00000000f7000000)
  from space 512K, 0% used [0x00000000f7000000,0x00000000f7000000,0x00000000f7080000)
  to   space 73216K, 0% used [0x00000000fb780000,0x00000000fb780000,0x00000000fff00000)
 ParOldGen       total 180736K, used 18913K [0x00000000c1c00000, 0x00000000ccc80000, 0x00000000eb400000)
  object space 180736K, 10% used [0x00000000c1c00000,0x00000000c2e78748,0x00000000ccc80000)
 PSPermGen       total 83968K, used 83964K [0x00000000bca00000, 0x00000000c1c00000, 0x00000000c1c00000)
  object space 83968K, 99% used [0x00000000bca00000,0x00000000c1bff260,0x00000000c1c00000)
}
Event: 2637.222 GC heap before
{Heap before GC invocations=58 (full 9):
 PSYoungGen      total 193024K, used 0K [0x00000000eb400000, 0x00000000fff00000, 0x0000000100000000)
  eden space 192512K, 0% used [0x00000000eb400000,0x00000000eb400000,0x00000000f7000000)
  from space 512K, 0% used [0x00000000f7000000,0x00000000f7000000,0x00000000f7080000)
  to   space 73216K, 0% used [0x00000000fb780000,0x00000000fb780000,0x00000000fff00000)
 ParOldGen       total 180736K, used 18913K [0x00000000c1c00000, 0x00000000ccc80000, 0x00000000eb400000)
  object space 180736K, 10% used [0x00000000c1c00000,0x00000000c2e78748,0x00000000ccc80000)
 PSPermGen       total 83968K, used 83964K [0x00000000bca00000, 0x00000000c1c00000, 0x00000000c1c00000)
  object space 83968K, 99% used [0x00000000bca00000,0x00000000c1bff260,0x00000000c1c00000)
Event: 2637.390 GC heap after
Heap after GC invocations=58 (full 9):
 PSYoungGen      total 193024K, used 0K [0x00000000eb400000, 0x00000000fff00000, 0x0000000100000000)
  eden space 192512K, 0% used [0x00000000eb400000,0x00000000eb400000,0x00000000f7000000)
  from space 512K, 0% used [0x00000000f7000000,0x00000000f7000000,0x00000000f7080000)
  to   space 73216K, 0% used [0x00000000fb780000,0x00000000fb780000,0x00000000fff00000)
 ParOldGen       total 219648K, used 18911K [0x00000000c1c00000, 0x00000000cf280000, 0x00000000eb400000)
  object space 219648K, 8% used [0x00000000c1c00000,0x00000000c2e77e48,0x00000000cf280000)
 PSPermGen       total 83968K, used 83964K [0x00000000bca00000, 0x00000000c1c00000, 0x00000000c1c00000)
  object space 83968K, 99% used [0x00000000bca00000,0x00000000c1bff260,0x00000000c1c00000)
}

